<?xml version="1.0" encoding="UTF-8"?>
<!-- Generated by org.testng.reporters.JUnitReportReporter -->
<testsuite hostname="ATMECSINDT-083" failures="0" tests="3" name="com.atmecs.TestScript.TestScript" time="13.143" errors="0" timestamp="26 Sep 2019 10:48:55 GMT" skipped="0">
  <testcase classname="com.atmecs.TestScript.TestScript" name="verifyFooter" time="5.107"/>
  <testcase classname="com.atmecs.TestScript.TestScript" name="validateContextMenu" time="1.999"/>
  <testcase classname="com.atmecs.TestScript.TestScript" name="validateBlogDate" time="6.037"/>
</testsuite> <!-- com.atmecs.TestScript.TestScript -->
