<?xml version="1.0" encoding="UTF-8"?>
<!-- Generated by org.testng.reporters.JUnitReportReporter -->
<testsuite hostname="ATMECSINDT-083" failures="0" tests="2" name="com.atmecs.TestScript.ValidateFooter" time="8.479" errors="0" timestamp="26 Sep 2019 13:21:37 GMT" skipped="0">
  <testcase classname="com.atmecs.TestScript.ValidateFooter" name="verifyFooter" time="3.671"/>
  <testcase classname="com.atmecs.TestScript.ValidateFooter" name="validateContextMenu" time="4.808"/>
</testsuite> <!-- com.atmecs.TestScript.ValidateFooter -->
